#
# There is insufficient memory for the Java Runtime Environment to continue.
# Native memory allocation (malloc) failed to allocate 1386096 bytes for Chunk::new
# Possible reasons:
#   The system is out of physical RAM or swap space
#   The process is running with CompressedOops enabled, and the Java Heap may be blocking the growth of the native heap
# Possible solutions:
#   Reduce memory load on the system
#   Increase physical memory or swap space
#   Check if swap backing store is full
#   Decrease Java heap size (-Xmx/-Xms)
#   Decrease number of Java threads
#   Decrease Java thread stack sizes (-Xss)
#   Set larger code cache with -XX:ReservedCodeCacheSize=
#   JVM is running with Unscaled Compressed Oops mode in which the Java heap is
#     placed in the first 4GB address space. The Java Heap base address is the
#     maximum limit for the native heap growth. Please use -XX:HeapBaseMinAddress
#     to set the Java Heap base and to place the Java Heap above 4GB virtual address.
# This output file may be truncated or incomplete.
#
#  Out of Memory Error (./src/hotspot/share/memory/arena.cpp:197), pid=8392, tid=9152
#
# JRE version: OpenJDK Runtime Environment (11.0.11+9) (build 11.0.11+9-b60-7590822)
# Java VM: OpenJDK 64-Bit Server VM (11.0.11+9-b60-7590822, mixed mode, tiered, compressed oops, g1 gc, windows-amd64)
# No core dump will be written. Minidumps are not enabled by default on client versions of Windows
#

---------------  S U M M A R Y ------------

Command Line: --add-opens=java.base/java.util=ALL-UNNAMED --add-opens=java.base/java.lang=ALL-UNNAMED --add-opens=java.base/java.lang.invoke=ALL-UNNAMED --add-opens=java.base/java.util=ALL-UNNAMED --add-opens=java.prefs/java.util.prefs=ALL-UNNAMED --add-opens=java.prefs/java.util.prefs=ALL-UNNAMED --add-opens=java.base/java.nio.charset=ALL-UNNAMED --add-opens=java.base/java.net=ALL-UNNAMED --add-opens=java.base/java.util.concurrent.atomic=ALL-UNNAMED -Xmx2048m -Dfile.encoding=UTF-8 -Duser.country=PE -Duser.language=es -Duser.variant org.gradle.launcher.daemon.bootstrap.GradleDaemon 7.2

Host: Intel(R) Core(TM) i5-5200U CPU @ 2.20GHz, 4 cores, 7G,  Windows 10 , 64 bit Build 19041 (10.0.19041.1566)
Time: Sun Mar 27 15:43:29 2022 Hora est. Pacífico, Sudamérica elapsed time: 33.186376 seconds (0d 0h 0m 33s)

---------------  T H R E A D  ---------------

Current thread (0x00000241c8277000):  JavaThread "C2 CompilerThread0" daemon [_thread_in_native, id=9152, stack(0x0000007b20700000,0x0000007b20800000)]


Current CompileTask:
C2:  33186 7072 %     4       org.gradle.internal.instantiation.generator.AbstractClassGenerator::inspectType @ 107 (560 bytes)

Stack: [0x0000007b20700000,0x0000007b20800000]
Native frames: (J=compiled Java code, j=interpreted, Vv=VM code, C=native code)
V  [jvm.dll+0x5f214a]
V  [jvm.dll+0x726fb5]
V  [jvm.dll+0x7285cd]
V  [jvm.dll+0x728c83]
V  [jvm.dll+0x243278]
V  [jvm.dll+0xbc53c]
V  [jvm.dll+0xbca3c]
V  [jvm.dll+0x353e3b]
V  [jvm.dll+0x19895c]
V  [jvm.dll+0x1fc2ee]
V  [jvm.dll+0x1fb3d4]
V  [jvm.dll+0x183d6c]
V  [jvm.dll+0x209a57]
V  [jvm.dll+0x2082a1]
V  [jvm.dll+0x6ef58f]
V  [jvm.dll+0x6e80b5]
V  [jvm.dll+0x5f1036]
C  [ucrtbase.dll+0x21bb2]
C  [KERNEL32.DLL+0x17034]
C  [ntdll.dll+0x52651]


---------------  P R O C E S S  ---------------

Threads class SMR info:
_java_thread_list=0x00000241cf092ce0, length=79, elements={
0x00000241ae66b800, 0x00000241c824f800, 0x00000241c8251000, 0x00000241c826d800,
0x00000241c826e800, 0x00000241c8273800, 0x00000241c8277000, 0x00000241c827c800,
0x00000241c827e000, 0x00000241c8d49000, 0x00000241caeed800, 0x00000241c8ece000,
0x00000241cb946000, 0x00000241ca036000, 0x00000241c9f5e800, 0x00000241cabe3000,
0x00000241cc24f800, 0x00000241ca581000, 0x00000241c90e4800, 0x00000241c90e6800,
0x00000241c90e7000, 0x00000241c90e8000, 0x00000241c90ea800, 0x00000241c90e9000,
0x00000241c90e9800, 0x00000241c90eb000, 0x00000241c90e5800, 0x00000241cbad3800,
0x00000241cbad4800, 0x00000241cbad2800, 0x00000241cbad0000, 0x00000241cbacf800,
0x00000241cbad2000, 0x00000241cbadc800, 0x00000241cbad8800, 0x00000241cbad7800,
0x00000241cbadd800, 0x00000241cbad9000, 0x00000241cbadb000, 0x00000241cbada000,
0x00000241cbadb800, 0x00000241cc62c000, 0x00000241cc62f800, 0x00000241cc632000,
0x00000241cc62d800, 0x00000241cc630000, 0x00000241cc631000, 0x00000241cc632800,
0x00000241cc62d000, 0x00000241cc633800, 0x00000241cc634000, 0x00000241cc62e800,
0x00000241cc637800, 0x00000241cc635000, 0x00000241cc636800, 0x00000241cc638800,
0x00000241cc636000, 0x00000241cc639000, 0x00000241cc63a000, 0x00000241cc63b000,
0x00000241cb4f9800, 0x00000241cb4fa000, 0x00000241cb4f4800, 0x00000241cb4f7000,
0x00000241cb4fb000, 0x00000241cb4f8000, 0x00000241cb4f8800, 0x00000241cb4f6000,
0x00000241cb4f5800, 0x00000241cb4fc800, 0x00000241cb500800, 0x00000241cb501800,
0x00000241cb4ff000, 0x00000241cb4fc000, 0x00000241cb500000, 0x00000241cb502800,
0x00000241cb4fd800, 0x00000241ccf9f800, 0x00000241ccf9a800
}

Java Threads: ( => current thread )
  0x00000241ae66b800 JavaThread "main" [_thread_blocked, id=9200, stack(0x0000007b1fb00000,0x0000007b1fc00000)]
  0x00000241c824f800 JavaThread "Reference Handler" daemon [_thread_blocked, id=7196, stack(0x0000007b20200000,0x0000007b20300000)]
  0x00000241c8251000 JavaThread "Finalizer" daemon [_thread_blocked, id=4132, stack(0x0000007b20300000,0x0000007b20400000)]
  0x00000241c826d800 JavaThread "Signal Dispatcher" daemon [_thread_blocked, id=1892, stack(0x0000007b20400000,0x0000007b20500000)]
  0x00000241c826e800 JavaThread "Attach Listener" daemon [_thread_blocked, id=1488, stack(0x0000007b20500000,0x0000007b20600000)]
  0x00000241c8273800 JavaThread "Service Thread" daemon [_thread_blocked, id=11000, stack(0x0000007b20600000,0x0000007b20700000)]
=>0x00000241c8277000 JavaThread "C2 CompilerThread0" daemon [_thread_in_native, id=9152, stack(0x0000007b20700000,0x0000007b20800000)]
  0x00000241c827c800 JavaThread "C1 CompilerThread0" daemon [_thread_blocked, id=10852, stack(0x0000007b20800000,0x0000007b20900000)]
  0x00000241c827e000 JavaThread "Sweeper thread" daemon [_thread_blocked, id=10096, stack(0x0000007b20900000,0x0000007b20a00000)]
  0x00000241c8d49000 JavaThread "Common-Cleaner" daemon [_thread_blocked, id=5372, stack(0x0000007b20a00000,0x0000007b20b00000)]
  0x00000241caeed800 JavaThread "Daemon health stats" [_thread_blocked, id=9812, stack(0x0000007b20f00000,0x0000007b21000000)]
  0x00000241c8ece000 JavaThread "Incoming local TCP Connector on port 62846" [_thread_in_native, id=2456, stack(0x0000007b20c00000,0x0000007b20d00000)]
  0x00000241cb946000 JavaThread "Daemon periodic checks" [_thread_blocked, id=12100, stack(0x0000007b21000000,0x0000007b21100000)]
  0x00000241ca036000 JavaThread "Daemon" [_thread_blocked, id=6552, stack(0x0000007b21100000,0x0000007b21200000)]
  0x00000241c9f5e800 JavaThread "Handler for socket connection from /127.0.0.1:62846 to /127.0.0.1:62847" [_thread_in_native, id=9800, stack(0x0000007b21200000,0x0000007b21300000)]
  0x00000241cabe3000 JavaThread "Cancel handler" [_thread_blocked, id=12044, stack(0x0000007b21300000,0x0000007b21400000)]
  0x00000241cc24f800 JavaThread "Daemon worker" [_thread_in_vm, id=11792, stack(0x0000007b21400000,0x0000007b21500000)]
  0x00000241ca581000 JavaThread "Asynchronous log dispatcher for DefaultDaemonConnection: socket connection from /127.0.0.1:62846 to /127.0.0.1:62847" [_thread_blocked, id=10408, stack(0x0000007b21500000,0x0000007b21600000)]
  0x00000241c90e4800 JavaThread "Stdin handler" [_thread_blocked, id=7180, stack(0x0000007b21600000,0x0000007b21700000)]
  0x00000241c90e6800 JavaThread "Daemon client event forwarder" [_thread_blocked, id=3392, stack(0x0000007b21700000,0x0000007b21800000)]
  0x00000241c90e7000 JavaThread "Cache worker for journal cache (C:\Users\vicoaqp\.gradle\caches\journal-1)" [_thread_blocked, id=5092, stack(0x0000007b21800000,0x0000007b21900000)]
  0x00000241c90e8000 JavaThread "File lock request listener" [_thread_in_native, id=712, stack(0x0000007b21900000,0x0000007b21a00000)]
  0x00000241c90ea800 JavaThread "Cache worker for file hash cache (C:\Users\vicoaqp\.gradle\caches\7.2\fileHashes)" [_thread_blocked, id=7824, stack(0x0000007b21a00000,0x0000007b21b00000)]
  0x00000241c90e9000 JavaThread "Cache worker for file hash cache (C:\Users\vicoaqp\AndroidStudioProjects\Castilla\.gradle\7.2\fileHashes)" [_thread_blocked, id=8336, stack(0x0000007b21c00000,0x0000007b21d00000)]
  0x00000241c90e9800 JavaThread "File watcher server" daemon [_thread_in_native, id=6116, stack(0x0000007b21e00000,0x0000007b21f00000)]
  0x00000241c90eb000 JavaThread "File watcher consumer" daemon [_thread_blocked, id=12944, stack(0x0000007b21f00000,0x0000007b22000000)]
  0x00000241c90e5800 JavaThread "Cache worker for checksums cache (C:\Users\vicoaqp\AndroidStudioProjects\Castilla\.gradle\checksums)" [_thread_blocked, id=484, stack(0x0000007b21d00000,0x0000007b21e00000)]
  0x00000241cbad3800 JavaThread "Cache worker for cache directory md-supplier (C:\Users\vicoaqp\.gradle\caches\7.2\md-supplier)" [_thread_blocked, id=12212, stack(0x0000007b22000000,0x0000007b22100000)]
  0x00000241cbad4800 JavaThread "Cache worker for cache directory md-rule (C:\Users\vicoaqp\.gradle\caches\7.2\md-rule)" [_thread_blocked, id=5848, stack(0x0000007b22100000,0x0000007b22200000)]
  0x00000241cbad2800 JavaThread "Cache worker for execution history cache (C:\Users\vicoaqp\.gradle\caches\7.2\executionHistory)" [_thread_blocked, id=12796, stack(0x0000007b22300000,0x0000007b22400000)]
  0x00000241cbad0000 JavaThread "jar transforms" [_thread_blocked, id=2632, stack(0x0000007b22400000,0x0000007b22500000)]
  0x00000241cbacf800 JavaThread "jar transforms Thread 2" [_thread_blocked, id=1844, stack(0x0000007b22500000,0x0000007b22600000)]
  0x00000241cbad2000 JavaThread "Cache worker for file content cache (C:\Users\vicoaqp\.gradle\caches\7.2\fileContent)" [_thread_blocked, id=9044, stack(0x0000007b22600000,0x0000007b22700000)]
  0x00000241cbadc800 JavaThread "Cache worker for dependencies-accessors (C:\Users\vicoaqp\AndroidStudioProjects\Castilla\.gradle\7.2\dependencies-accessors)" [_thread_blocked, id=13128, stack(0x0000007b22700000,0x0000007b22800000)]
  0x00000241cbad8800 JavaThread "jar transforms Thread 3" [_thread_blocked, id=13188, stack(0x0000007b22800000,0x0000007b22900000)]
  0x00000241cbad7800 JavaThread "Cache worker for Build Output Cleanup Cache (C:\Users\vicoaqp\AndroidStudioProjects\Castilla\.gradle\buildOutputCleanup)" [_thread_blocked, id=12528, stack(0x0000007b22900000,0x0000007b22a00000)]
  0x00000241cbadd800 JavaThread "Unconstrained build operations" [_thread_blocked, id=5844, stack(0x0000007b22200000,0x0000007b22300000)]
  0x00000241cbad9000 JavaThread "Unconstrained build operations Thread 2" [_thread_blocked, id=5472, stack(0x0000007b22a00000,0x0000007b22b00000)]
  0x00000241cbadb000 JavaThread "Unconstrained build operations Thread 3" [_thread_blocked, id=1280, stack(0x0000007b22b00000,0x0000007b22c00000)]
  0x00000241cbada000 JavaThread "Unconstrained build operations Thread 4" [_thread_blocked, id=5328, stack(0x0000007b22c00000,0x0000007b22d00000)]
  0x00000241cbadb800 JavaThread "Unconstrained build operations Thread 5" [_thread_blocked, id=3780, stack(0x0000007b22d00000,0x0000007b22e00000)]
  0x00000241cc62c000 JavaThread "Unconstrained build operations Thread 6" [_thread_blocked, id=3396, stack(0x0000007b22e00000,0x0000007b22f00000)]
  0x00000241cc62f800 JavaThread "Unconstrained build operations Thread 7" [_thread_blocked, id=6848, stack(0x0000007b22f00000,0x0000007b23000000)]
  0x00000241cc632000 JavaThread "Unconstrained build operations Thread 8" [_thread_blocked, id=1120, stack(0x0000007b23000000,0x0000007b23100000)]
  0x00000241cc62d800 JavaThread "Unconstrained build operations Thread 9" [_thread_blocked, id=7840, stack(0x0000007b23100000,0x0000007b23200000)]
  0x00000241cc630000 JavaThread "Unconstrained build operations Thread 10" [_thread_blocked, id=9104, stack(0x0000007b23200000,0x0000007b23300000)]
  0x00000241cc631000 JavaThread "Unconstrained build operations Thread 11" [_thread_blocked, id=1724, stack(0x0000007b23300000,0x0000007b23400000)]
  0x00000241cc632800 JavaThread "Unconstrained build operations Thread 12" [_thread_blocked, id=6436, stack(0x0000007b23400000,0x0000007b23500000)]
  0x00000241cc62d000 JavaThread "Unconstrained build operations Thread 13" [_thread_blocked, id=4676, stack(0x0000007b23500000,0x0000007b23600000)]
  0x00000241cc633800 JavaThread "Unconstrained build operations Thread 14" [_thread_blocked, id=12928, stack(0x0000007b23600000,0x0000007b23700000)]
  0x00000241cc634000 JavaThread "Unconstrained build operations Thread 15" [_thread_blocked, id=9428, stack(0x0000007b23700000,0x0000007b23800000)]
  0x00000241cc62e800 JavaThread "Unconstrained build operations Thread 16" [_thread_blocked, id=1092, stack(0x0000007b23800000,0x0000007b23900000)]
  0x00000241cc637800 JavaThread "Unconstrained build operations Thread 17" [_thread_blocked, id=12180, stack(0x0000007b23900000,0x0000007b23a00000)]
  0x00000241cc635000 JavaThread "Unconstrained build operations Thread 18" [_thread_blocked, id=7492, stack(0x0000007b23a00000,0x0000007b23b00000)]
  0x00000241cc636800 JavaThread "Unconstrained build operations Thread 19" [_thread_blocked, id=2352, stack(0x0000007b23b00000,0x0000007b23c00000)]
  0x00000241cc638800 JavaThread "Unconstrained build operations Thread 20" [_thread_blocked, id=3688, stack(0x0000007b23c00000,0x0000007b23d00000)]
  0x00000241cc636000 JavaThread "Unconstrained build operations Thread 21" [_thread_blocked, id=2356, stack(0x0000007b23d00000,0x0000007b23e00000)]
  0x00000241cc639000 JavaThread "Unconstrained build operations Thread 22" [_thread_blocked, id=880, stack(0x0000007b23e00000,0x0000007b23f00000)]
  0x00000241cc63a000 JavaThread "Unconstrained build operations Thread 23" [_thread_blocked, id=5184, stack(0x0000007b23f00000,0x0000007b24000000)]
  0x00000241cc63b000 JavaThread "Unconstrained build operations Thread 24" [_thread_blocked, id=2248, stack(0x0000007b24000000,0x0000007b24100000)]
  0x00000241cb4f9800 JavaThread "Unconstrained build operations Thread 25" [_thread_blocked, id=8952, stack(0x0000007b24100000,0x0000007b24200000)]
  0x00000241cb4fa000 JavaThread "Unconstrained build operations Thread 26" [_thread_blocked, id=1416, stack(0x0000007b24200000,0x0000007b24300000)]
  0x00000241cb4f4800 JavaThread "Unconstrained build operations Thread 27" [_thread_blocked, id=11848, stack(0x0000007b24300000,0x0000007b24400000)]
  0x00000241cb4f7000 JavaThread "Unconstrained build operations Thread 28" [_thread_blocked, id=12748, stack(0x0000007b24400000,0x0000007b24500000)]
  0x00000241cb4fb000 JavaThread "Unconstrained build operations Thread 29" [_thread_blocked, id=668, stack(0x0000007b24500000,0x0000007b24600000)]
  0x00000241cb4f8000 JavaThread "Unconstrained build operations Thread 30" [_thread_blocked, id=13048, stack(0x0000007b24600000,0x0000007b24700000)]
  0x00000241cb4f8800 JavaThread "Unconstrained build operations Thread 31" [_thread_blocked, id=4996, stack(0x0000007b24700000,0x0000007b24800000)]
  0x00000241cb4f6000 JavaThread "Unconstrained build operations Thread 32" [_thread_blocked, id=1688, stack(0x0000007b24800000,0x0000007b24900000)]
  0x00000241cb4f5800 JavaThread "Unconstrained build operations Thread 33" [_thread_blocked, id=2576, stack(0x0000007b24900000,0x0000007b24a00000)]
  0x00000241cb4fc800 JavaThread "Unconstrained build operations Thread 34" [_thread_blocked, id=6252, stack(0x0000007b24a00000,0x0000007b24b00000)]
  0x00000241cb500800 JavaThread "Unconstrained build operations Thread 35" [_thread_blocked, id=7160, stack(0x0000007b24b00000,0x0000007b24c00000)]
  0x00000241cb501800 JavaThread "Unconstrained build operations Thread 36" [_thread_blocked, id=10212, stack(0x0000007b24c00000,0x0000007b24d00000)]
  0x00000241cb4ff000 JavaThread "Unconstrained build operations Thread 37" [_thread_blocked, id=3712, stack(0x0000007b24d00000,0x0000007b24e00000)]
  0x00000241cb4fc000 JavaThread "Unconstrained build operations Thread 38" [_thread_blocked, id=8116, stack(0x0000007b24e00000,0x0000007b24f00000)]
  0x00000241cb500000 JavaThread "Unconstrained build operations Thread 39" [_thread_blocked, id=12556, stack(0x0000007b24f00000,0x0000007b25000000)]
  0x00000241cb502800 JavaThread "Unconstrained build operations Thread 40" [_thread_blocked, id=4948, stack(0x0000007b25000000,0x0000007b25100000)]
  0x00000241cb4fd800 JavaThread "jar transforms Thread 4" [_thread_blocked, id=1268, stack(0x0000007b25200000,0x0000007b25300000)]
  0x00000241ccf9f800 JavaThread "Memory manager" [_thread_blocked, id=13108, stack(0x0000007b25300000,0x0000007b25400000)]
  0x00000241ccf9a800 JavaThread "build event listener" [_thread_blocked, id=11004, stack(0x0000007b25400000,0x0000007b25500000)]

Other Threads:
  0x00000241c8249800 VMThread "VM Thread" [stack: 0x0000007b20100000,0x0000007b20200000] [id=5232]
  0x00000241c8d53800 WatcherThread [stack: 0x0000007b20b00000,0x0000007b20c00000] [id=12716]
  0x00000241ae684000 GCTaskThread "GC Thread#0" [stack: 0x0000007b1fc00000,0x0000007b1fd00000] [id=11948]
  0x00000241c9055000 GCTaskThread "GC Thread#1" [stack: 0x0000007b20d00000,0x0000007b20e00000] [id=12672]
  0x00000241c9044000 GCTaskThread "GC Thread#2" [stack: 0x0000007b20e00000,0x0000007b20f00000] [id=8996]
  0x00000241cb43b800 GCTaskThread "GC Thread#3" [stack: 0x0000007b21b00000,0x0000007b21c00000] [id=9040]
  0x00000241ae6b4000 ConcurrentGCThread "G1 Main Marker" [stack: 0x0000007b1fd00000,0x0000007b1fe00000] [id=9544]
  0x00000241ae6b7800 ConcurrentGCThread "G1 Conc#0" [stack: 0x0000007b1fe00000,0x0000007b1ff00000] [id=13104]
  0x00000241ae746000 ConcurrentGCThread "G1 Refine#0" [stack: 0x0000007b1ff00000,0x0000007b20000000] [id=2816]
  0x00000241ae747000 ConcurrentGCThread "G1 Young RemSet Sampling" [stack: 0x0000007b20000000,0x0000007b20100000] [id=6328]

Threads with active compile tasks:
C2 CompilerThread0  33290 7072 %     4       org.gradle.internal.instantiation.generator.AbstractClassGenerator::inspectType @ 107 (560 bytes)

VM state:not at safepoint (normal execution)

VM Mutex/Monitor currently owned by a thread: None

Heap address: 0x0000000080000000, size: 2048 MB, Compressed Oops mode: 32-bit
Narrow klass base: 0x0000000000000000, Narrow klass shift: 3
Compressed class space size: 1073741824 Address: 0x0000000100000000

Heap:
 garbage-first heap   total 157696K, used 114039K [0x0000000080000000, 0x0000000100000000)
  region size 1024K, 57 young (58368K), 4 survivors (4096K)
 Metaspace       used 70041K, capacity 71587K, committed 71624K, reserved 1112064K
  class space    used 8922K, capacity 9530K, committed 9548K, reserved 1048576K
Heap Regions: E=young(eden), S=young(survivor), O=old, HS=humongous(starts), HC=humongous(continues), CS=collection set, F=free, A=archive, TAMS=top-at-mark-start (previous, next)
|   0|0x0000000080000000, 0x0000000080100000, 0x0000000080100000|100%| O|  |TAMS 0x0000000080100000, 0x0000000080000000| Untracked 
|   1|0x0000000080100000, 0x0000000080200000, 0x0000000080200000|100%| O|  |TAMS 0x0000000080200000, 0x0000000080100000| Untracked 
|   2|0x0000000080200000, 0x0000000080300000, 0x0000000080300000|100%| O|  |TAMS 0x0000000080300000, 0x0000000080200000| Untracked 
|   3|0x0000000080300000, 0x0000000080400000, 0x0000000080400000|100%|HS|  |TAMS 0x0000000080400000, 0x0000000080300000| Complete 
|   4|0x0000000080400000, 0x0000000080500000, 0x0000000080500000|100%|HC|  |TAMS 0x0000000080500000, 0x0000000080400000| Complete 
|   5|0x0000000080500000, 0x0000000080600000, 0x0000000080600000|100%|HC|  |TAMS 0x0000000080600000, 0x0000000080500000| Complete 
|   6|0x0000000080600000, 0x0000000080700000, 0x0000000080700000|100%| O|  |TAMS 0x0000000080700000, 0x0000000080600000| Untracked 
|   7|0x0000000080700000, 0x0000000080800000, 0x0000000080800000|100%| O|  |TAMS 0x0000000080800000, 0x0000000080700000| Untracked 
|   8|0x0000000080800000, 0x0000000080900000, 0x0000000080900000|100%| O|  |TAMS 0x0000000080900000, 0x0000000080800000| Untracked 
|   9|0x0000000080900000, 0x0000000080a00000, 0x0000000080a00000|100%| O|  |TAMS 0x0000000080a00000, 0x0000000080900000| Untracked 
|  10|0x0000000080a00000, 0x0000000080b00000, 0x0000000080b00000|100%| O|  |TAMS 0x0000000080b00000, 0x0000000080a00000| Untracked 
|  11|0x0000000080b00000, 0x0000000080c00000, 0x0000000080c00000|100%| O|  |TAMS 0x0000000080c00000, 0x0000000080b00000| Untracked 
|  12|0x0000000080c00000, 0x0000000080d00000, 0x0000000080d00000|100%| O|  |TAMS 0x0000000080d00000, 0x0000000080c00000| Untracked 
|  13|0x0000000080d00000, 0x0000000080e00000, 0x0000000080e00000|100%| O|  |TAMS 0x0000000080e00000, 0x0000000080d00000| Untracked 
|  14|0x0000000080e00000, 0x0000000080f00000, 0x0000000080f00000|100%| O|  |TAMS 0x0000000080f00000, 0x0000000080e00000| Untracked 
|  15|0x0000000080f00000, 0x0000000081000000, 0x0000000081000000|100%|HS|  |TAMS 0x0000000081000000, 0x0000000080f00000| Complete 
|  16|0x0000000081000000, 0x0000000081100000, 0x0000000081100000|100%| O|  |TAMS 0x0000000081100000, 0x0000000081000000| Untracked 
|  17|0x0000000081100000, 0x0000000081200000, 0x0000000081200000|100%| O|  |TAMS 0x0000000081200000, 0x0000000081100000| Untracked 
|  18|0x0000000081200000, 0x0000000081300000, 0x0000000081300000|100%| O|  |TAMS 0x0000000081300000, 0x0000000081200000| Untracked 
|  19|0x0000000081300000, 0x0000000081400000, 0x0000000081400000|100%| O|  |TAMS 0x0000000081400000, 0x0000000081300000| Untracked 
|  20|0x0000000081400000, 0x0000000081500000, 0x0000000081500000|100%| O|  |TAMS 0x0000000081500000, 0x0000000081400000| Untracked 
|  21|0x0000000081500000, 0x0000000081600000, 0x0000000081600000|100%| O|  |TAMS 0x0000000081600000, 0x0000000081500000| Untracked 
|  22|0x0000000081600000, 0x0000000081700000, 0x0000000081700000|100%| O|  |TAMS 0x0000000081700000, 0x0000000081600000| Untracked 
|  23|0x0000000081700000, 0x0000000081800000, 0x0000000081800000|100%| O|  |TAMS 0x0000000081800000, 0x0000000081700000| Untracked 
|  24|0x0000000081800000, 0x0000000081900000, 0x0000000081900000|100%|HS|  |TAMS 0x0000000081900000, 0x0000000081800000| Complete 
|  25|0x0000000081900000, 0x0000000081a00000, 0x0000000081a00000|100%|HS|  |TAMS 0x0000000081a00000, 0x0000000081900000| Complete 
|  26|0x0000000081a00000, 0x0000000081b00000, 0x0000000081b00000|100%|HS|  |TAMS 0x0000000081b00000, 0x0000000081a00000| Complete 
|  27|0x0000000081b00000, 0x0000000081c00000, 0x0000000081c00000|100%|HS|  |TAMS 0x0000000081c00000, 0x0000000081b00000| Complete 
|  28|0x0000000081c00000, 0x0000000081d00000, 0x0000000081d00000|100%|HC|  |TAMS 0x0000000081d00000, 0x0000000081c00000| Complete 
|  29|0x0000000081d00000, 0x0000000081e00000, 0x0000000081e00000|100%|HC|  |TAMS 0x0000000081e00000, 0x0000000081d00000| Complete 
|  30|0x0000000081e00000, 0x0000000081f00000, 0x0000000081f00000|100%|HS|  |TAMS 0x0000000081f00000, 0x0000000081e00000| Complete 
|  31|0x0000000081f00000, 0x0000000082000000, 0x0000000082000000|100%|HC|  |TAMS 0x0000000082000000, 0x0000000081f00000| Complete 
|  32|0x0000000082000000, 0x0000000082100000, 0x0000000082100000|100%| O|  |TAMS 0x0000000082100000, 0x0000000082000000| Untracked 
|  33|0x0000000082100000, 0x0000000082200000, 0x0000000082200000|100%| O|  |TAMS 0x0000000082200000, 0x0000000082100000| Untracked 
|  34|0x0000000082200000, 0x0000000082300000, 0x0000000082300000|100%| O|  |TAMS 0x0000000082300000, 0x0000000082200000| Untracked 
|  35|0x0000000082300000, 0x0000000082400000, 0x0000000082400000|100%| O|  |TAMS 0x0000000082400000, 0x0000000082300000| Untracked 
|  36|0x0000000082400000, 0x0000000082500000, 0x0000000082500000|100%| O|  |TAMS 0x0000000082500000, 0x0000000082400000| Untracked 
|  37|0x0000000082500000, 0x0000000082600000, 0x0000000082600000|100%| O|  |TAMS 0x0000000082600000, 0x0000000082500000| Untracked 
|  38|0x0000000082600000, 0x0000000082700000, 0x0000000082700000|100%| O|  |TAMS 0x0000000082700000, 0x0000000082600000| Untracked 
|  39|0x0000000082700000, 0x0000000082800000, 0x0000000082800000|100%| O|  |TAMS 0x0000000082800000, 0x0000000082700000| Untracked 
|  40|0x0000000082800000, 0x0000000082900000, 0x0000000082900000|100%| O|  |TAMS 0x0000000082900000, 0x0000000082800000| Untracked 
|  41|0x0000000082900000, 0x0000000082a00000, 0x0000000082a00000|100%| O|  |TAMS 0x0000000082a00000, 0x0000000082900000| Untracked 
|  42|0x0000000082a00000, 0x0000000082b00000, 0x0000000082b00000|100%| O|  |TAMS 0x0000000082b00000, 0x0000000082a00000| Untracked 
|  43|0x0000000082b00000, 0x0000000082c00000, 0x0000000082c00000|100%| O|  |TAMS 0x0000000082c00000, 0x0000000082b00000| Untracked 
|  44|0x0000000082c00000, 0x0000000082d00000, 0x0000000082d00000|100%| O|  |TAMS 0x0000000082d00000, 0x0000000082c00000| Untracked 
|  45|0x0000000082d00000, 0x0000000082e00000, 0x0000000082e00000|100%| O|  |TAMS 0x0000000082e00000, 0x0000000082d00000| Untracked 
|  46|0x0000000082e00000, 0x0000000082f00000, 0x0000000082f00000|100%| O|  |TAMS 0x0000000082f00000, 0x0000000082e00000| Untracked 
|  47|0x0000000082f00000, 0x0000000083000000, 0x0000000083000000|100%| O|  |TAMS 0x0000000083000000, 0x0000000082f00000| Untracked 
|  48|0x0000000083000000, 0x0000000083100000, 0x0000000083100000|100%| O|  |TAMS 0x0000000083100000, 0x0000000083000000| Untracked 
|  49|0x0000000083100000, 0x0000000083200000, 0x0000000083200000|100%| O|  |TAMS 0x0000000083200000, 0x0000000083100000| Untracked 
|  50|0x0000000083200000, 0x0000000083200000, 0x0000000083300000|  0%| F|  |TAMS 0x0000000083200000, 0x0000000083200000| Untracked 
|  51|0x0000000083300000, 0x0000000083400000, 0x0000000083400000|100%| O|  |TAMS 0x0000000083300000, 0x0000000083300000| Untracked 
|  52|0x0000000083400000, 0x0000000083500000, 0x0000000083500000|100%| O|  |TAMS 0x0000000083400000, 0x0000000083400000| Untracked 
|  53|0x0000000083500000, 0x0000000083600000, 0x0000000083600000|100%| O|  |TAMS 0x0000000083500000, 0x0000000083500000| Untracked 
|  54|0x0000000083600000, 0x0000000083700000, 0x0000000083700000|100%| O|  |TAMS 0x0000000083600000, 0x0000000083600000| Untracked 
|  55|0x0000000083700000, 0x0000000083800000, 0x0000000083800000|100%| O|  |TAMS 0x0000000083700000, 0x0000000083700000| Untracked 
|  56|0x0000000083800000, 0x000000008389f000, 0x0000000083900000| 62%| O|  |TAMS 0x0000000083800000, 0x0000000083800000| Untracked 
|  57|0x0000000083900000, 0x0000000083900000, 0x0000000083a00000|  0%| F|  |TAMS 0x0000000083900000, 0x0000000083900000| Untracked 
|  58|0x0000000083a00000, 0x0000000083a00000, 0x0000000083b00000|  0%| F|  |TAMS 0x0000000083a00000, 0x0000000083a00000| Untracked 
|  59|0x0000000083b00000, 0x0000000083b00000, 0x0000000083c00000|  0%| F|  |TAMS 0x0000000083b00000, 0x0000000083b00000| Untracked 
|  60|0x0000000083c00000, 0x0000000083c00000, 0x0000000083d00000|  0%| F|  |TAMS 0x0000000083c00000, 0x0000000083c00000| Untracked 
|  61|0x0000000083d00000, 0x0000000083d00000, 0x0000000083e00000|  0%| F|  |TAMS 0x0000000083d00000, 0x0000000083d00000| Untracked 
|  62|0x0000000083e00000, 0x0000000083e00000, 0x0000000083f00000|  0%| F|  |TAMS 0x0000000083e00000, 0x0000000083e00000| Untracked 
|  63|0x0000000083f00000, 0x0000000083f00000, 0x0000000084000000|  0%| F|  |TAMS 0x0000000083f00000, 0x0000000083f00000| Untracked 
|  64|0x0000000084000000, 0x0000000084000000, 0x0000000084100000|  0%| F|  |TAMS 0x0000000084000000, 0x0000000084000000| Untracked 
|  65|0x0000000084100000, 0x0000000084100000, 0x0000000084200000|  0%| F|  |TAMS 0x0000000084100000, 0x0000000084100000| Untracked 
|  66|0x0000000084200000, 0x0000000084200000, 0x0000000084300000|  0%| F|  |TAMS 0x0000000084200000, 0x0000000084200000| Untracked 
|  67|0x0000000084300000, 0x0000000084300000, 0x0000000084400000|  0%| F|  |TAMS 0x0000000084300000, 0x0000000084300000| Untracked 
|  68|0x0000000084400000, 0x0000000084400000, 0x0000000084500000|  0%| F|  |TAMS 0x0000000084400000, 0x0000000084400000| Untracked 
|  69|0x0000000084500000, 0x0000000084500000, 0x0000000084600000|  0%| F|  |TAMS 0x0000000084500000, 0x0000000084500000| Untracked 
|  70|0x0000000084600000, 0x0000000084600000, 0x0000000084700000|  0%| F|  |TAMS 0x0000000084600000, 0x0000000084600000| Untracked 
|  71|0x0000000084700000, 0x0000000084700000, 0x0000000084800000|  0%| F|  |TAMS 0x0000000084700000, 0x0000000084700000| Untracked 
|  72|0x0000000084800000, 0x0000000084800000, 0x0000000084900000|  0%| F|  |TAMS 0x0000000084800000, 0x0000000084800000| Untracked 
|  73|0x0000000084900000, 0x0000000084900000, 0x0000000084a00000|  0%| F|  |TAMS 0x0000000084900000, 0x0000000084900000| Untracked 
|  74|0x0000000084a00000, 0x0000000084a00000, 0x0000000084b00000|  0%| F|  |TAMS 0x0000000084a00000, 0x0000000084a00000| Untracked 
|  75|0x0000000084b00000, 0x0000000084b00000, 0x0000000084c00000|  0%| F|  |TAMS 0x0000000084b00000, 0x0000000084b00000| Untracked 
|  76|0x0000000084c00000, 0x0000000084c00000, 0x0000000084d00000|  0%| F|  |TAMS 0x0000000084c00000, 0x0000000084c00000| Untracked 
|  77|0x0000000084d00000, 0x0000000084d00000, 0x0000000084e00000|  0%| F|  |TAMS 0x0000000084d00000, 0x0000000084d00000| Untracked 
|  78|0x0000000084e00000, 0x0000000084e00000, 0x0000000084f00000|  0%| F|  |TAMS 0x0000000084e00000, 0x0000000084e00000| Untracked 
|  79|0x0000000084f00000, 0x0000000084f00000, 0x0000000085000000|  0%| F|  |TAMS 0x0000000084f00000, 0x0000000084f00000| Untracked 
|  80|0x0000000085000000, 0x0000000085000000, 0x0000000085100000|  0%| F|  |TAMS 0x0000000085000000, 0x0000000085000000| Untracked 
|  81|0x0000000085100000, 0x0000000085100000, 0x0000000085200000|  0%| F|  |TAMS 0x0000000085100000, 0x0000000085100000| Untracked 
|  82|0x0000000085200000, 0x0000000085200000, 0x0000000085300000|  0%| F|  |TAMS 0x0000000085200000, 0x0000000085200000| Untracked 
|  83|0x0000000085300000, 0x0000000085300000, 0x0000000085400000|  0%| F|  |TAMS 0x0000000085300000, 0x0000000085300000| Untracked 
|  84|0x0000000085400000, 0x0000000085400000, 0x0000000085500000|  0%| F|  |TAMS 0x0000000085400000, 0x0000000085400000| Untracked 
|  85|0x0000000085500000, 0x0000000085500000, 0x0000000085600000|  0%| F|  |TAMS 0x0000000085500000, 0x0000000085500000| Untracked 
|  86|0x0000000085600000, 0x0000000085600000, 0x0000000085700000|  0%| F|  |TAMS 0x0000000085600000, 0x0000000085600000| Untracked 
|  87|0x0000000085700000, 0x0000000085700000, 0x0000000085800000|  0%| F|  |TAMS 0x0000000085700000, 0x0000000085700000| Untracked 
|  88|0x0000000085800000, 0x0000000085800000, 0x0000000085900000|  0%| F|  |TAMS 0x0000000085800000, 0x0000000085800000| Untracked 
|  89|0x0000000085900000, 0x0000000085900000, 0x0000000085a00000|  0%| F|  |TAMS 0x0000000085900000, 0x0000000085900000| Untracked 
|  90|0x0000000085a00000, 0x0000000085abee90, 0x0000000085b00000| 74%| S|CS|TAMS 0x0000000085a00000, 0x0000000085a00000| Complete 
|  91|0x0000000085b00000, 0x0000000085c00000, 0x0000000085c00000|100%| S|CS|TAMS 0x0000000085b00000, 0x0000000085b00000| Complete 
|  92|0x0000000085c00000, 0x0000000085c00000, 0x0000000085d00000|  0%| F|  |TAMS 0x0000000085c00000, 0x0000000085c00000| Untracked 
|  93|0x0000000085d00000, 0x0000000085d00000, 0x0000000085e00000|  0%| F|  |TAMS 0x0000000085d00000, 0x0000000085d00000| Untracked 
|  94|0x0000000085e00000, 0x0000000085e00000, 0x0000000085f00000|  0%| F|  |TAMS 0x0000000085e00000, 0x0000000085e00000| Untracked 
|  95|0x0000000085f00000, 0x0000000085f00000, 0x0000000086000000|  0%| F|  |TAMS 0x0000000085f00000, 0x0000000085f00000| Untracked 
|  96|0x0000000086000000, 0x0000000086000000, 0x0000000086100000|  0%| F|  |TAMS 0x0000000086000000, 0x0000000086000000| Untracked 
|  97|0x0000000086100000, 0x0000000086100000, 0x0000000086200000|  0%| F|  |TAMS 0x0000000086100000, 0x0000000086100000| Untracked 
|  98|0x0000000086200000, 0x0000000086300000, 0x0000000086300000|100%| S|CS|TAMS 0x0000000086200000, 0x0000000086200000| Complete 
|  99|0x0000000086300000, 0x0000000086400000, 0x0000000086400000|100%| S|CS|TAMS 0x0000000086300000, 0x0000000086300000| Complete 
| 100|0x0000000086400000, 0x0000000086400000, 0x0000000086500000|  0%| F|  |TAMS 0x0000000086400000, 0x0000000086400000| Untracked 
| 101|0x0000000086500000, 0x0000000086600000, 0x0000000086600000|100%| E|  |TAMS 0x0000000086500000, 0x0000000086500000| Complete 
| 102|0x0000000086600000, 0x0000000086700000, 0x0000000086700000|100%| E|CS|TAMS 0x0000000086600000, 0x0000000086600000| Complete 
| 103|0x0000000086700000, 0x0000000086800000, 0x0000000086800000|100%| E|CS|TAMS 0x0000000086700000, 0x0000000086700000| Complete 
| 104|0x0000000086800000, 0x0000000086900000, 0x0000000086900000|100%| E|CS|TAMS 0x0000000086800000, 0x0000000086800000| Complete 
| 105|0x0000000086900000, 0x0000000086a00000, 0x0000000086a00000|100%| E|CS|TAMS 0x0000000086900000, 0x0000000086900000| Complete 
| 106|0x0000000086a00000, 0x0000000086b00000, 0x0000000086b00000|100%| E|CS|TAMS 0x0000000086a00000, 0x0000000086a00000| Complete 
| 107|0x0000000086b00000, 0x0000000086c00000, 0x0000000086c00000|100%| E|CS|TAMS 0x0000000086b00000, 0x0000000086b00000| Complete 
| 108|0x0000000086c00000, 0x0000000086d00000, 0x0000000086d00000|100%| E|CS|TAMS 0x0000000086c00000, 0x0000000086c00000| Complete 
| 109|0x0000000086d00000, 0x0000000086e00000, 0x0000000086e00000|100%| E|CS|TAMS 0x0000000086d00000, 0x0000000086d00000| Complete 
| 110|0x0000000086e00000, 0x0000000086f00000, 0x0000000086f00000|100%| E|CS|TAMS 0x0000000086e00000, 0x0000000086e00000| Complete 
| 111|0x0000000086f00000, 0x0000000087000000, 0x0000000087000000|100%| E|CS|TAMS 0x0000000086f00000, 0x0000000086f00000| Complete 
| 112|0x0000000087000000, 0x0000000087100000, 0x0000000087100000|100%| E|CS|TAMS 0x0000000087000000, 0x0000000087000000| Complete 
| 113|0x0000000087100000, 0x0000000087200000, 0x0000000087200000|100%| E|CS|TAMS 0x0000000087100000, 0x0000000087100000| Complete 
| 114|0x0000000087200000, 0x0000000087300000, 0x0000000087300000|100%| E|CS|TAMS 0x0000000087200000, 0x0000000087200000| Complete 
| 115|0x0000000087300000, 0x0000000087400000, 0x0000000087400000|100%| E|CS|TAMS 0x0000000087300000, 0x0000000087300000| Complete 
| 116|0x0000000087400000, 0x0000000087500000, 0x0000000087500000|100%| E|CS|TAMS 0x0000000087400000, 0x0000000087400000| Complete 
| 117|0x0000000087500000, 0x0000000087600000, 0x0000000087600000|100%| E|CS|TAMS 0x0000000087500000, 0x0000000087500000| Complete 
| 118|0x0000000087600000, 0x0000000087700000, 0x0000000087700000|100%| E|CS|TAMS 0x0000000087600000, 0x0000000087600000| Complete 
| 119|0x0000000087700000, 0x0000000087800000, 0x0000000087800000|100%| E|CS|TAMS 0x0000000087700000, 0x0000000087700000| Complete 
| 120|0x0000000087800000, 0x0000000087900000, 0x0000000087900000|100%| E|CS|TAMS 0x0000000087800000, 0x0000000087800000| Complete 
| 121|0x0000000087900000, 0x0000000087a00000, 0x0000000087a00000|100%| E|CS|TAMS 0x0000000087900000, 0x0000000087900000| Complete 
| 122|0x0000000087a00000, 0x0000000087b00000, 0x0000000087b00000|100%| E|CS|TAMS 0x0000000087a00000, 0x0000000087a00000| Complete 
| 123|0x0000000087b00000, 0x0000000087c00000, 0x0000000087c00000|100%| E|CS|TAMS 0x0000000087b00000, 0x0000000087b00000| Complete 
| 124|0x0000000087c00000, 0x0000000087d00000, 0x0000000087d00000|100%| E|CS|TAMS 0x0000000087c00000, 0x0000000087c00000| Complete 
| 125|0x0000000087d00000, 0x0000000087e00000, 0x0000000087e00000|100%| E|CS|TAMS 0x0000000087d00000, 0x0000000087d00000| Complete 
| 126|0x0000000087e00000, 0x0000000087f00000, 0x0000000087f00000|100%| E|CS|TAMS 0x0000000087e00000, 0x0000000087e00000| Complete 
| 127|0x0000000087f00000, 0x0000000088000000, 0x0000000088000000|100%| E|CS|TAMS 0x0000000087f00000, 0x0000000087f00000| Complete 
| 128|0x0000000088000000, 0x0000000088100000, 0x0000000088100000|100%| E|CS|TAMS 0x0000000088000000, 0x0000000088000000| Complete 
| 129|0x0000000088100000, 0x0000000088200000, 0x0000000088200000|100%| E|CS|TAMS 0x0000000088100000, 0x0000000088100000| Complete 
| 130|0x0000000088200000, 0x0000000088300000, 0x0000000088300000|100%| E|CS|TAMS 0x0000000088200000, 0x0000000088200000| Complete 
| 131|0x0000000088300000, 0x0000000088400000, 0x0000000088400000|100%| E|CS|TAMS 0x0000000088300000, 0x0000000088300000| Complete 
| 132|0x0000000088400000, 0x0000000088500000, 0x0000000088500000|100%| E|CS|TAMS 0x0000000088400000, 0x0000000088400000| Complete 
| 133|0x0000000088500000, 0x0000000088600000, 0x0000000088600000|100%| E|CS|TAMS 0x0000000088500000, 0x0000000088500000| Complete 
| 134|0x0000000088600000, 0x0000000088700000, 0x0000000088700000|100%| E|CS|TAMS 0x0000000088600000, 0x0000000088600000| Complete 
| 135|0x0000000088700000, 0x0000000088800000, 0x0000000088800000|100%| E|CS|TAMS 0x0000000088700000, 0x0000000088700000| Complete 
| 136|0x0000000088800000, 0x0000000088900000, 0x0000000088900000|100%| E|CS|TAMS 0x0000000088800000, 0x0000000088800000| Complete 
| 137|0x0000000088900000, 0x0000000088a00000, 0x0000000088a00000|100%| E|CS|TAMS 0x0000000088900000, 0x0000000088900000| Complete 
| 138|0x0000000088a00000, 0x0000000088b00000, 0x0000000088b00000|100%| E|CS|TAMS 0x0000000088a00000, 0x0000000088a00000| Complete 
| 139|0x0000000088b00000, 0x0000000088c00000, 0x0000000088c00000|100%| E|CS|TAMS 0x0000000088b00000, 0x0000000088b00000| Complete 
| 140|0x0000000088c00000, 0x0000000088d00000, 0x0000000088d00000|100%| E|CS|TAMS 0x0000000088c00000, 0x0000000088c00000| Complete 
| 141|0x0000000088d00000, 0x0000000088e00000, 0x0000000088e00000|100%| E|CS|TAMS 0x0000000088d00000, 0x0000000088d00000| Complete 
| 142|0x0000000088e00000, 0x0000000088f00000, 0x0000000088f00000|100%| E|CS|TAMS 0x0000000088e00000, 0x0000000088e00000| Complete 
| 143|0x0000000088f00000, 0x0000000089000000, 0x0000000089000000|100%| E|CS|TAMS 0x0000000088f00000, 0x0000000088f00000| Complete 
| 144|0x0000000089000000, 0x0000000089100000, 0x0000000089100000|100%| E|CS|TAMS 0x0000000089000000, 0x0000000089000000| Complete 
| 145|0x0000000089100000, 0x0000000089200000, 0x0000000089200000|100%| E|CS|TAMS 0x0000000089100000, 0x0000000089100000| Complete 
| 146|0x0000000089200000, 0x0000000089300000, 0x0000000089300000|100%| E|CS|TAMS 0x0000000089200000, 0x0000000089200000| Complete 
| 147|0x0000000089300000, 0x0000000089400000, 0x0000000089400000|100%| E|CS|TAMS 0x0000000089300000, 0x0000000089300000| Complete 
| 148|0x0000000089400000, 0x0000000089500000, 0x0000000089500000|100%| E|CS|TAMS 0x0000000089400000, 0x0000000089400000| Complete 
| 149|0x0000000089500000, 0x0000000089600000, 0x0000000089600000|100%| E|CS|TAMS 0x0000000089500000, 0x0000000089500000| Complete 
| 150|0x0000000089600000, 0x0000000089700000, 0x0000000089700000|100%| E|CS|TAMS 0x0000000089600000, 0x0000000089600000| Complete 
| 151|0x0000000089700000, 0x0000000089800000, 0x0000000089800000|100%| E|CS|TAMS 0x0000000089700000, 0x0000000089700000| Complete 
| 152|0x0000000089800000, 0x0000000089900000, 0x0000000089900000|100%| E|CS|TAMS 0x0000000089800000, 0x0000000089800000| Complete 
| 153|0x0000000089900000, 0x0000000089a00000, 0x0000000089a00000|100%| E|CS|TAMS 0x0000000089900000, 0x0000000089900000| Complete 

Card table byte_map: [0x00000241c1570000,0x00000241c1970000] _byte_map_base: 0x00000241c1170000

Marking Bits (Prev, Next): (CMBitMap*) 0x00000241ae6ab3c8, (CMBitMap*) 0x00000241ae6ab400
 Prev Bits: [0x00000241c1d70000, 0x00000241c3d70000)
 Next Bits: [0x00000241c3d70000, 0x00000241c5d70000)

Polling page: 0x00000241ac800000

Metaspace:

Usage:
  Non-class:     60.60 MB capacity,    59.69 MB ( 98%) used,   763.63 KB (  1%) free+waste,   173.75 KB ( <1%) overhead. 
      Class:      9.31 MB capacity,     8.71 MB ( 94%) used,   526.78 KB (  6%) free+waste,    80.25 KB ( <1%) overhead. 
       Both:     69.91 MB capacity,    68.40 MB ( 98%) used,     1.26 MB (  2%) free+waste,   254.00 KB ( <1%) overhead. 

Virtual space:
  Non-class space:       62.00 MB reserved,      60.62 MB ( 98%) committed 
      Class space:        1.00 GB reserved,       9.32 MB ( <1%) committed 
             Both:        1.06 GB reserved,      69.95 MB (  6%) committed 

Chunk freelists:
   Non-Class:  19.00 KB
       Class:  6.00 KB
        Both:  25.00 KB

MaxMetaspaceSize: 17179869184.00 GB
CompressedClassSpaceSize: 1.00 GB

CodeHeap 'non-profiled nmethods': size=120064Kb used=4621Kb max_used=4621Kb free=115442Kb
 bounds [0x00000241b9c30000, 0x00000241ba0c0000, 0x00000241c1170000]
CodeHeap 'profiled nmethods': size=120000Kb used=15300Kb max_used=15300Kb free=104700Kb
 bounds [0x00000241b2700000, 0x00000241b3600000, 0x00000241b9c30000]
CodeHeap 'non-nmethods': size=5696Kb used=2266Kb max_used=2313Kb free=3429Kb
 bounds [0x00000241b2170000, 0x00000241b23e0000, 0x00000241b2700000]
 total_blobs=7971 nmethods=7113 adapters=769
 compilation: enabled
              stopped_count=0, restarted_count=0
 full_count=0

Compilation events (20 events):
Event: 32.844 Thread 0x00000241c827c800 7111       1       org.gradle.api.internal.DefaultNamedDomainObjectCollection$AbstractNamedDomainObjectProvider::getType (5 bytes)
Event: 32.844 Thread 0x00000241c827c800 nmethod 7111 0x00000241ba0b2e90 code [0x00000241ba0b3040, 0x00000241ba0b30f8]
Event: 32.956 Thread 0x00000241c827c800 7112       3       org.gradle.api.internal.project.DefaultProject::getProjectPath (10 bytes)
Event: 32.957 Thread 0x00000241c827c800 nmethod 7112 0x00000241b35ec410 code [0x00000241b35ec5c0, 0x00000241b35ec718]
Event: 32.966 Thread 0x00000241c827c800 7113       3       org.gradle.api.internal.DefaultDomainObjectCollection::withMutationDisabled (11 bytes)
Event: 32.966 Thread 0x00000241c827c800 nmethod 7113 0x00000241b35ec810 code [0x00000241b35ec9e0, 0x00000241b35ecc58]
Event: 33.051 Thread 0x00000241c827c800 7115       3       org.gradle.api.internal.tasks.DefaultTaskContainer_Decorated::getEventRegister (39 bytes)
Event: 33.052 Thread 0x00000241c827c800 nmethod 7115 0x00000241b35ecd90 code [0x00000241b35ecfc0, 0x00000241b35ed6e8]
Event: 33.060 Thread 0x00000241c827c800 7116       1       org.gradle.api.internal.project.DefaultProject::getGradle (5 bytes)
Event: 33.060 Thread 0x00000241c827c800 nmethod 7116 0x00000241ba0b3190 code [0x00000241ba0b3340, 0x00000241ba0b33f8]
Event: 33.098 Thread 0x00000241c827c800 7117       3       sun.net.www.MessageHeader::grow (92 bytes)
Event: 33.099 Thread 0x00000241c827c800 nmethod 7117 0x00000241b35ed910 code [0x00000241b35edb00, 0x00000241b35ee098]
Event: 33.168 Thread 0x00000241c827c800 7118       3       java.lang.invoke.BoundMethodHandle::bindSingle (7 bytes)
Event: 33.169 Thread 0x00000241c827c800 nmethod 7118 0x00000241b35ee210 code [0x00000241b35ee3e0, 0x00000241b35ee688]
Event: 33.169 Thread 0x00000241c827c800 7119       1       org.gradle.api.internal.provider.DefaultProperty::getType (5 bytes)
Event: 33.169 Thread 0x00000241c827c800 nmethod 7119 0x00000241ba0b3490 code [0x00000241ba0b3640, 0x00000241ba0b36f8]
Event: 33.172 Thread 0x00000241c827c800 7121       3       com.google.common.collect.RegularImmutableMap::get (64 bytes)
Event: 33.173 Thread 0x00000241c827c800 nmethod 7121 0x00000241b35ee810 code [0x00000241b35eea20, 0x00000241b35ef068]
Event: 33.173 Thread 0x00000241c827c800 7120       3       com.google.common.collect.RegularImmutableMap::get (13 bytes)
Event: 33.173 Thread 0x00000241c827c800 nmethod 7120 0x00000241b35ef290 code [0x00000241b35ef440, 0x00000241b35ef588]

GC Heap History (20 events):
Event: 3.500 GC heap before
{Heap before GC invocations=3 (full 0):
 garbage-first heap   total 131072K, used 45681K [0x0000000080000000, 0x0000000100000000)
  region size 1024K, 36 young (36864K), 2 survivors (2048K)
 Metaspace       used 12998K, capacity 13332K, committed 13568K, reserved 1060864K
  class space    used 1421K, capacity 1535K, committed 1536K, reserved 1048576K
}
Event: 3.508 GC heap after
{Heap after GC invocations=4 (full 0):
 garbage-first heap   total 131072K, used 15157K [0x0000000080000000, 0x0000000100000000)
  region size 1024K, 5 young (5120K), 5 survivors (5120K)
 Metaspace       used 12998K, capacity 13332K, committed 13568K, reserved 1060864K
  class space    used 1421K, capacity 1535K, committed 1536K, reserved 1048576K
}
Event: 7.040 GC heap before
{Heap before GC invocations=4 (full 0):
 garbage-first heap   total 131072K, used 61237K [0x0000000080000000, 0x0000000100000000)
  region size 1024K, 51 young (52224K), 5 survivors (5120K)
 Metaspace       used 20705K, capacity 21168K, committed 21296K, reserved 1069056K
  class space    used 2533K, capacity 2660K, committed 2688K, reserved 1048576K
}
Event: 7.052 GC heap after
{Heap after GC invocations=5 (full 0):
 garbage-first heap   total 131072K, used 17596K [0x0000000080000000, 0x0000000100000000)
  region size 1024K, 3 young (3072K), 3 survivors (3072K)
 Metaspace       used 20705K, capacity 21168K, committed 21296K, reserved 1069056K
  class space    used 2533K, capacity 2660K, committed 2688K, reserved 1048576K
}
Event: 9.453 GC heap before
{Heap before GC invocations=6 (full 0):
 garbage-first heap   total 131072K, used 72892K [0x0000000080000000, 0x0000000100000000)
  region size 1024K, 57 young (58368K), 3 survivors (3072K)
 Metaspace       used 26288K, capacity 26930K, committed 27184K, reserved 1073152K
  class space    used 3435K, capacity 3651K, committed 3712K, reserved 1048576K
}
Event: 9.466 GC heap after
{Heap after GC invocations=7 (full 0):
 garbage-first heap   total 131072K, used 19568K [0x0000000080000000, 0x0000000100000000)
  region size 1024K, 5 young (5120K), 5 survivors (5120K)
 Metaspace       used 26288K, capacity 26930K, committed 27184K, reserved 1073152K
  class space    used 3435K, capacity 3651K, committed 3712K, reserved 1048576K
}
Event: 12.086 GC heap before
{Heap before GC invocations=7 (full 0):
 garbage-first heap   total 131072K, used 73840K [0x0000000080000000, 0x0000000100000000)
  region size 1024K, 59 young (60416K), 5 survivors (5120K)
 Metaspace       used 34857K, capacity 35635K, committed 35708K, reserved 1081344K
  class space    used 4522K, capacity 4857K, committed 4864K, reserved 1048576K
}
Event: 12.102 GC heap after
{Heap after GC invocations=8 (full 0):
 garbage-first heap   total 131072K, used 22980K [0x0000000080000000, 0x0000000100000000)
  region size 1024K, 8 young (8192K), 8 survivors (8192K)
 Metaspace       used 34857K, capacity 35635K, committed 35708K, reserved 1081344K
  class space    used 4522K, capacity 4857K, committed 4864K, reserved 1048576K
}
Event: 14.079 GC heap before
{Heap before GC invocations=9 (full 0):
 garbage-first heap   total 131072K, used 94660K [0x0000000080000000, 0x0000000100000000)
  region size 1024K, 76 young (77824K), 8 survivors (8192K)
 Metaspace       used 40447K, capacity 41379K, committed 41596K, reserved 1085440K
  class space    used 5171K, capacity 5529K, committed 5632K, reserved 1048576K
}
Event: 14.105 GC heap after
{Heap after GC invocations=10 (full 0):
 garbage-first heap   total 157696K, used 29078K [0x0000000080000000, 0x0000000100000000)
  region size 1024K, 10 young (10240K), 10 survivors (10240K)
 Metaspace       used 40447K, capacity 41379K, committed 41596K, reserved 1085440K
  class space    used 5171K, capacity 5529K, committed 5632K, reserved 1048576K
}
Event: 18.276 GC heap before
{Heap before GC invocations=10 (full 0):
 garbage-first heap   total 157696K, used 106902K [0x0000000080000000, 0x0000000100000000)
  region size 1024K, 86 young (88064K), 10 survivors (10240K)
 Metaspace       used 47023K, capacity 48191K, committed 48380K, reserved 1091584K
  class space    used 5995K, capacity 6423K, committed 6528K, reserved 1048576K
}
Event: 18.297 GC heap after
{Heap after GC invocations=11 (full 0):
 garbage-first heap   total 157696K, used 32573K [0x0000000080000000, 0x0000000100000000)
  region size 1024K, 10 young (10240K), 10 survivors (10240K)
 Metaspace       used 47023K, capacity 48191K, committed 48380K, reserved 1091584K
  class space    used 5995K, capacity 6423K, committed 6528K, reserved 1048576K
}
Event: 22.187 GC heap before
{Heap before GC invocations=11 (full 0):
 garbage-first heap   total 157696K, used 124733K [0x0000000080000000, 0x0000000100000000)
  region size 1024K, 92 young (94208K), 10 survivors (10240K)
 Metaspace       used 52792K, capacity 54152K, committed 54268K, reserved 1095680K
  class space    used 6694K, capacity 7196K, committed 7296K, reserved 1048576K
}
Event: 22.210 GC heap after
{Heap after GC invocations=12 (full 0):
 garbage-first heap   total 157696K, used 50802K [0x0000000080000000, 0x0000000100000000)
  region size 1024K, 12 young (12288K), 12 survivors (12288K)
 Metaspace       used 52792K, capacity 54152K, committed 54268K, reserved 1095680K
  class space    used 6694K, capacity 7196K, committed 7296K, reserved 1048576K
}
Event: 23.723 GC heap before
{Heap before GC invocations=12 (full 0):
 garbage-first heap   total 157696K, used 85618K [0x0000000080000000, 0x0000000100000000)
  region size 1024K, 47 young (48128K), 12 survivors (12288K)
 Metaspace       used 58445K, capacity 59829K, committed 59940K, reserved 1101824K
  class space    used 7401K, capacity 7891K, committed 7936K, reserved 1048576K
}
Event: 23.752 GC heap after
{Heap after GC invocations=13 (full 0):
 garbage-first heap   total 157696K, used 53747K [0x0000000080000000, 0x0000000100000000)
  region size 1024K, 3 young (3072K), 3 survivors (3072K)
 Metaspace       used 58445K, capacity 59829K, committed 59940K, reserved 1101824K
  class space    used 7401K, capacity 7891K, committed 7936K, reserved 1048576K
}
Event: 26.091 GC heap before
{Heap before GC invocations=14 (full 0):
 garbage-first heap   total 157696K, used 106995K [0x0000000080000000, 0x0000000100000000)
  region size 1024K, 56 young (57344K), 3 survivors (3072K)
 Metaspace       used 63653K, capacity 65117K, committed 65352K, reserved 1105920K
  class space    used 8045K, capacity 8601K, committed 8652K, reserved 1048576K
}
Event: 26.105 GC heap after
{Heap after GC invocations=15 (full 0):
 garbage-first heap   total 157696K, used 57027K [0x0000000080000000, 0x0000000100000000)
  region size 1024K, 6 young (6144K), 6 survivors (6144K)
 Metaspace       used 63653K, capacity 65117K, committed 65352K, reserved 1105920K
  class space    used 8045K, capacity 8601K, committed 8652K, reserved 1048576K
}
Event: 28.906 GC heap before
{Heap before GC invocations=16 (full 0):
 garbage-first heap   total 157696K, used 113347K [0x0000000080000000, 0x0000000100000000)
  region size 1024K, 60 young (61440K), 6 survivors (6144K)
 Metaspace       used 67226K, capacity 68803K, committed 68936K, reserved 1110016K
  class space    used 8510K, capacity 9094K, committed 9164K, reserved 1048576K
}
Event: 28.929 GC heap after
{Heap after GC invocations=17 (full 0):
 garbage-first heap   total 157696K, used 60791K [0x0000000080000000, 0x0000000100000000)
  region size 1024K, 4 young (4096K), 4 survivors (4096K)
 Metaspace       used 67226K, capacity 68803K, committed 68936K, reserved 1110016K
  class space    used 8510K, capacity 9094K, committed 9164K, reserved 1048576K
}

Deoptimization events (20 events):
Event: 28.351 Thread 0x00000241cc24f800 DEOPT PACKING pc=0x00000241b9ecac70 sp=0x0000007b214f7160
Event: 28.351 Thread 0x00000241cc24f800 DEOPT UNPACKING pc=0x00000241b219662f sp=0x0000007b214f7128 mode 2
Event: 28.425 Thread 0x00000241cc24f800 Uncommon trap: trap_request=0xffffff4d fr.pc=0x00000241ba03b8fc relative=0x000000000000085c
Event: 28.425 Thread 0x00000241cc24f800 Uncommon trap: reason=unstable_if action=reinterpret pc=0x00000241ba03b8fc method=com.sun.beans.introspect.MethodInfo$MethodOrder.compare(Ljava/lang/reflect/Method;Ljava/lang/reflect/Method;)I @ 124 c2
Event: 28.425 Thread 0x00000241cc24f800 DEOPT PACKING pc=0x00000241ba03b8fc sp=0x0000007b214f7150
Event: 28.425 Thread 0x00000241cc24f800 DEOPT UNPACKING pc=0x00000241b219662f sp=0x0000007b214f70f0 mode 2
Event: 28.457 Thread 0x00000241cc24f800 DEOPT PACKING pc=0x00000241b2bba4f9 sp=0x0000007b214f8850
Event: 28.457 Thread 0x00000241cc24f800 DEOPT UNPACKING pc=0x00000241b2196dde sp=0x0000007b214f7d18 mode 0
Event: 28.891 Thread 0x00000241cc24f800 Uncommon trap: trap_request=0xffffff4d fr.pc=0x00000241b9dc6b00 relative=0x0000000000000340
Event: 28.891 Thread 0x00000241cc24f800 Uncommon trap: reason=unstable_if action=reinterpret pc=0x00000241b9dc6b00 method=java.util.StringJoiner.add(Ljava/lang/CharSequence;)Ljava/util/StringJoiner; @ 33 c2
Event: 28.891 Thread 0x00000241cc24f800 DEOPT PACKING pc=0x00000241b9dc6b00 sp=0x0000007b214f5d00
Event: 28.891 Thread 0x00000241cc24f800 DEOPT UNPACKING pc=0x00000241b219662f sp=0x0000007b214f5cb0 mode 2
Event: 30.739 Thread 0x00000241cc24f800 Uncommon trap: trap_request=0xfffffff4 fr.pc=0x00000241ba079264 relative=0x00000000000057a4
Event: 30.739 Thread 0x00000241cc24f800 Uncommon trap: reason=null_check action=make_not_entrant pc=0x00000241ba079264 method=java.lang.PublicMethods$MethodList.getMostSpecific()Ljava/lang/reflect/Method; @ 41 c2
Event: 30.739 Thread 0x00000241cc24f800 DEOPT PACKING pc=0x00000241ba079264 sp=0x0000007b214f3ac0
Event: 30.739 Thread 0x00000241cc24f800 DEOPT UNPACKING pc=0x00000241b219662f sp=0x0000007b214f3910 mode 2
Event: 30.741 Thread 0x00000241cc24f800 Uncommon trap: trap_request=0xfffffff4 fr.pc=0x00000241ba070904 relative=0x00000000000028c4
Event: 30.741 Thread 0x00000241cc24f800 Uncommon trap: reason=null_check action=make_not_entrant pc=0x00000241ba070904 method=java.lang.PublicMethods$MethodList.getMostSpecific()Ljava/lang/reflect/Method; @ 41 c2
Event: 30.741 Thread 0x00000241cc24f800 DEOPT PACKING pc=0x00000241ba070904 sp=0x0000007b214f39e0
Event: 30.741 Thread 0x00000241cc24f800 DEOPT UNPACKING pc=0x00000241b219662f sp=0x0000007b214f38f8 mode 2

Classes redefined (0 events):
No events

Internal exceptions (20 events):
Event: 31.070 Thread 0x00000241cc24f800 Exception <a 'java/lang/ClassNotFoundException'{0x0000000087fc6228}: build_1ewqsonlzun4f6fbcedmdjwx0$_run_closure1$_closure4BeanInfo> (0x0000000087fc6228) thrown at [./src/hotspot/share/classfile/systemDictionary.cpp, line 231]
Event: 31.071 Thread 0x00000241cc24f800 Exception <a 'java/lang/ClassNotFoundException'{0x0000000087fd8850}: build_1ewqsonlzun4f6fbcedmdjwx0$_run_closure1$_closure4Customizer> (0x0000000087fd8850) thrown at [./src/hotspot/share/classfile/systemDictionary.cpp, line 231]
Event: 31.075 Thread 0x00000241cc24f800 Exception <a 'java/lang/ClassNotFoundException'{0x0000000087e036c0}: build_1ewqsonlzun4f6fbcedmdjwx0$_run_closure1BeanInfo> (0x0000000087e036c0) thrown at [./src/hotspot/share/classfile/systemDictionary.cpp, line 231]
Event: 31.075 Thread 0x00000241cc24f800 Exception <a 'java/lang/ClassNotFoundException'{0x0000000087e15100}: build_1ewqsonlzun4f6fbcedmdjwx0$_run_closure1Customizer> (0x0000000087e15100) thrown at [./src/hotspot/share/classfile/systemDictionary.cpp, line 231]
Event: 31.082 Thread 0x00000241cc24f800 Exception <a 'java/lang/ClassNotFoundException'{0x0000000087e74ed8}: org/gradle/api/JavaVersionBeanInfo> (0x0000000087e74ed8) thrown at [./src/hotspot/share/classfile/systemDictionary.cpp, line 231]
Event: 31.084 Thread 0x00000241cc24f800 Exception <a 'java/lang/ClassNotFoundException'{0x0000000087ea0c30}: org/gradle/api/JavaVersionCustomizer> (0x0000000087ea0c30) thrown at [./src/hotspot/share/classfile/systemDictionary.cpp, line 231]
Event: 31.113 Thread 0x00000241cc24f800 Exception <a 'java/lang/ClassNotFoundException'{0x0000000087d0b398}: com/android/build/gradle/internal/CompileOptions$AgpDecorated_DecoratedBeanInfo> (0x0000000087d0b398) thrown at [./src/hotspot/share/classfile/systemDictionary.cpp, line 231]
Event: 31.114 Thread 0x00000241cc24f800 Exception <a 'java/lang/ClassNotFoundException'{0x0000000087d28ca0}: com/android/build/gradle/internal/CompileOptions$AgpDecoratedBeanInfo> (0x0000000087d28ca0) thrown at [./src/hotspot/share/classfile/systemDictionary.cpp, line 231]
Event: 31.114 Thread 0x00000241cc24f800 Exception <a 'java/lang/ClassNotFoundException'{0x0000000087d44158}: com/android/build/gradle/internal/CompileOptionsBeanInfo> (0x0000000087d44158) thrown at [./src/hotspot/share/classfile/systemDictionary.cpp, line 231]
Event: 31.116 Thread 0x00000241cc24f800 Exception <a 'java/lang/ClassNotFoundException'{0x0000000087d5fad8}: com/android/build/gradle/internal/CompileOptionsCustomizer> (0x0000000087d5fad8) thrown at [./src/hotspot/share/classfile/systemDictionary.cpp, line 231]
Event: 31.117 Thread 0x00000241cc24f800 Exception <a 'java/lang/ClassNotFoundException'{0x0000000087d89858}: com/android/build/gradle/internal/CompileOptions$AgpDecoratedCustomizer> (0x0000000087d89858) thrown at [./src/hotspot/share/classfile/systemDictionary.cpp, line 231]
Event: 31.124 Thread 0x00000241cc24f800 Exception <a 'java/lang/ClassNotFoundException'{0x0000000087db6e78}: com/android/build/gradle/internal/CompileOptions$AgpDecorated_DecoratedCustomizer> (0x0000000087db6e78) thrown at [./src/hotspot/share/classfile/systemDictionary.cpp, line 231]
Event: 31.176 Thread 0x00000241cc24f800 Exception <a 'java/lang/ClassNotFoundException'{0x0000000087b2d990}: org/jetbrains/kotlin/gradle/dsl/KotlinJvmOptionsImplBeanInfo> (0x0000000087b2d990) thrown at [./src/hotspot/share/classfile/systemDictionary.cpp, line 231]
Event: 31.179 Thread 0x00000241cc24f800 Exception <a 'java/lang/ClassNotFoundException'{0x0000000087b49a10}: org/jetbrains/kotlin/gradle/dsl/KotlinJvmOptionsBaseBeanInfo> (0x0000000087b49a10) thrown at [./src/hotspot/share/classfile/systemDictionary.cpp, line 231]
Event: 31.179 Thread 0x00000241cc24f800 Exception <a 'java/lang/ClassNotFoundException'{0x0000000087b65c98}: org/jetbrains/kotlin/gradle/dsl/KotlinJvmOptionsBaseCustomizer> (0x0000000087b65c98) thrown at [./src/hotspot/share/classfile/systemDictionary.cpp, line 231]
Event: 31.182 Thread 0x00000241cc24f800 Exception <a 'java/lang/ClassNotFoundException'{0x0000000087b9a248}: org/jetbrains/kotlin/gradle/dsl/KotlinJvmOptionsImplCustomizer> (0x0000000087b9a248) thrown at [./src/hotspot/share/classfile/systemDictionary.cpp, line 231]
Event: 31.195 Thread 0x00000241cc24f800 Exception <a 'java/lang/ClassNotFoundException'{0x0000000087bfa890}: com/android/build/gradle/internal/dsl/ViewBindingOptionsImpl_DecoratedBeanInfo> (0x0000000087bfa890) thrown at [./src/hotspot/share/classfile/systemDictionary.cpp, line 231]
Event: 31.196 Thread 0x00000241cc24f800 Exception <a 'java/lang/ClassNotFoundException'{0x0000000087a185e8}: com/android/build/gradle/internal/dsl/ViewBindingOptionsImplBeanInfo> (0x0000000087a185e8) thrown at [./src/hotspot/share/classfile/systemDictionary.cpp, line 231]
Event: 31.197 Thread 0x00000241cc24f800 Exception <a 'java/lang/ClassNotFoundException'{0x0000000087a36048}: com/android/build/gradle/internal/dsl/ViewBindingOptionsImplCustomizer> (0x0000000087a36048) thrown at [./src/hotspot/share/classfile/systemDictionary.cpp, line 231]
Event: 31.198 Thread 0x00000241cc24f800 Exception <a 'java/lang/ClassNotFoundException'{0x0000000087a581b0}: com/android/build/gradle/internal/dsl/ViewBindingOptionsImpl_DecoratedCustomizer> (0x0000000087a581b0) thrown at [./src/hotspot/share/classfile/systemDictionary.cpp, line 231]

Events (20 events):
Event: 33.168 loading class org/gradle/api/file/DirectoryProperty
Event: 33.168 loading class org/gradle/api/file/DirectoryProperty done
Event: 33.168 loading class kotlin/jvm/functions/Function1
Event: 33.168 loading class kotlin/jvm/functions/Function1 done
Event: 33.169 loading class org/gradle/api/file/DirectoryProperty
Event: 33.169 loading class org/gradle/api/file/DirectoryProperty done
Event: 33.169 loading class kotlin/jvm/functions/Function1
Event: 33.169 loading class kotlin/jvm/functions/Function1 done
Event: 33.171 loading class org/gradle/api/file/DirectoryProperty
Event: 33.171 loading class org/gradle/api/file/DirectoryProperty done
Event: 33.171 loading class kotlin/jvm/functions/Function1
Event: 33.171 loading class kotlin/jvm/functions/Function1 done
Event: 33.171 loading class com/android/build/gradle/internal/variant/VariantPathHelper
Event: 33.171 loading class com/android/build/gradle/internal/variant/VariantPathHelper done
Event: 33.171 loading class com/android/build/gradle/tasks/MergeResources
Event: 33.171 loading class com/android/build/gradle/tasks/MergeResources done
Event: 33.172 loading class com/android/build/gradle/internal/variant/VariantPathHelper
Event: 33.172 loading class com/android/build/gradle/internal/variant/VariantPathHelper done
Event: 33.172 loading class com/android/build/gradle/tasks/MergeSourceSetFolders$MergeShaderSourceFoldersCreationAction
Event: 33.172 loading class com/android/build/gradle/tasks/MergeSourceSetFolders$MergeShaderSourceFoldersCreationAction done


Dynamic libraries:
0x00007ff7f3910000 - 0x00007ff7f391a000 	C:\Program Files\Android\Android Studio\jre\bin\java.exe
0x00007ffb11310000 - 0x00007ffb11505000 	C:\WINDOWS\SYSTEM32\ntdll.dll
0x00007ffb0f9a0000 - 0x00007ffb0fa5e000 	C:\WINDOWS\System32\KERNEL32.DLL
0x00007ffb0ee20000 - 0x00007ffb0f0e8000 	C:\WINDOWS\System32\KERNELBASE.dll
0x00007ffb0eb90000 - 0x00007ffb0ec90000 	C:\WINDOWS\System32\ucrtbase.dll
0x00007ffaff3f0000 - 0x00007ffaff409000 	C:\Program Files\Android\Android Studio\jre\bin\jli.dll
0x00007ffaff110000 - 0x00007ffaff127000 	C:\Program Files\Android\Android Studio\jre\bin\VCRUNTIME140.dll
0x00007ffb10b90000 - 0x00007ffb10d30000 	C:\WINDOWS\System32\USER32.dll
0x00007ffb0ea30000 - 0x00007ffb0ea52000 	C:\WINDOWS\System32\win32u.dll
0x00007ffb10670000 - 0x00007ffb1069b000 	C:\WINDOWS\System32\GDI32.dll
0x00007ffb0f210000 - 0x00007ffb0f31b000 	C:\WINDOWS\System32\gdi32full.dll
0x00007ffb0eaf0000 - 0x00007ffb0eb8d000 	C:\WINDOWS\System32\msvcp_win.dll
0x00007ffafeb70000 - 0x00007ffafee0a000 	C:\WINDOWS\WinSxS\amd64_microsoft.windows.common-controls_6595b64144ccf1df_6.0.19041.1110_none_60b5254171f9507e\COMCTL32.dll
0x00007ffb101e0000 - 0x00007ffb1027e000 	C:\WINDOWS\System32\msvcrt.dll
0x00007ffb101b0000 - 0x00007ffb101e0000 	C:\WINDOWS\System32\IMM32.DLL
0x00007ffaedbd0000 - 0x00007ffaedc6d000 	C:\Program Files\Android\Android Studio\jre\bin\msvcp140.dll
0x00007ffad7c90000 - 0x00007ffad8765000 	C:\Program Files\Android\Android Studio\jre\bin\server\jvm.dll
0x00007ffb0f890000 - 0x00007ffb0f93e000 	C:\WINDOWS\System32\ADVAPI32.dll
0x00007ffb10780000 - 0x00007ffb1081c000 	C:\WINDOWS\System32\sechost.dll
0x00007ffb103a0000 - 0x00007ffb104c5000 	C:\WINDOWS\System32\RPCRT4.dll
0x00007ffb104d0000 - 0x00007ffb104d8000 	C:\WINDOWS\System32\PSAPI.DLL
0x00007ffafcca0000 - 0x00007ffafcca9000 	C:\WINDOWS\SYSTEM32\WSOCK32.dll
0x00007ffb05900000 - 0x00007ffb0590a000 	C:\WINDOWS\SYSTEM32\VERSION.dll
0x00007ffb106a0000 - 0x00007ffb1070b000 	C:\WINDOWS\System32\WS2_32.dll
0x00007ffb0a730000 - 0x00007ffb0a757000 	C:\WINDOWS\SYSTEM32\WINMM.dll
0x00007ffb0c940000 - 0x00007ffb0c952000 	C:\WINDOWS\SYSTEM32\kernel.appcore.dll
0x00007ffb088d0000 - 0x00007ffb088e1000 	C:\Program Files\Android\Android Studio\jre\bin\verify.dll
0x00007ffb05cb0000 - 0x00007ffb05e94000 	C:\WINDOWS\SYSTEM32\DBGHELP.DLL
0x00007ffaf9990000 - 0x00007ffaf99bc000 	C:\WINDOWS\SYSTEM32\dbgcore.DLL
0x00007ffb0ea60000 - 0x00007ffb0eae2000 	C:\WINDOWS\System32\bcryptPrimitives.dll
0x00007ffb02690000 - 0x00007ffb026b9000 	C:\Program Files\Android\Android Studio\jre\bin\java.dll
0x00007ffb0a760000 - 0x00007ffb0a76b000 	C:\Program Files\Android\Android Studio\jre\bin\jimage.dll
0x00007ffb025a0000 - 0x00007ffb025b8000 	C:\Program Files\Android\Android Studio\jre\bin\zip.dll
0x00007ffb0fa60000 - 0x00007ffb101a4000 	C:\WINDOWS\System32\SHELL32.dll
0x00007ffb0cb40000 - 0x00007ffb0d2d4000 	C:\WINDOWS\SYSTEM32\windows.storage.dll
0x00007ffb10dc0000 - 0x00007ffb11114000 	C:\WINDOWS\System32\combase.dll
0x00007ffb0e490000 - 0x00007ffb0e4bc000 	C:\WINDOWS\SYSTEM32\Wldp.dll
0x00007ffb0f7e0000 - 0x00007ffb0f88d000 	C:\WINDOWS\System32\SHCORE.dll
0x00007ffb10610000 - 0x00007ffb10665000 	C:\WINDOWS\System32\shlwapi.dll
0x00007ffb0e970000 - 0x00007ffb0e98f000 	C:\WINDOWS\SYSTEM32\profapi.dll
0x00007ffb02580000 - 0x00007ffb0259a000 	C:\Program Files\Android\Android Studio\jre\bin\net.dll
0x00007ffafe490000 - 0x00007ffafe599000 	C:\WINDOWS\SYSTEM32\WINHTTP.dll
0x00007ffb0e1f0000 - 0x00007ffb0e25a000 	C:\WINDOWS\system32\mswsock.dll
0x00007ffb024c0000 - 0x00007ffb024d4000 	C:\Program Files\Android\Android Studio\jre\bin\nio.dll
0x00007ffb01ab0000 - 0x00007ffb01ad7000 	C:\Users\vicoaqp\.gradle\native\e1d6ef7f7dcc3fd88c89a11ec53ec762bb8ba0a96d01ffa2cd45eb1d1d8dd5c5\windows-amd64\native-platform.dll
0x00007ffad9160000 - 0x00007ffad92a4000 	C:\Users\vicoaqp\.gradle\native\5664cfc778a61ccfe75a443a1ab52a65af34e5dc3c78e0209fed803814484fcb\windows-amd64\native-platform-file-events.dll
0x00007ffb0a2c0000 - 0x00007ffb0a2ca000 	C:\Program Files\Android\Android Studio\jre\bin\management.dll
0x00007ffb09e60000 - 0x00007ffb09e6d000 	C:\Program Files\Android\Android Studio\jre\bin\management_ext.dll
0x00007ffb0e3f0000 - 0x00007ffb0e408000 	C:\WINDOWS\SYSTEM32\CRYPTSP.dll
0x00007ffb0db00000 - 0x00007ffb0db34000 	C:\WINDOWS\system32\rsaenh.dll
0x00007ffb0ec90000 - 0x00007ffb0ecb7000 	C:\WINDOWS\System32\bcrypt.dll
0x00007ffb0e930000 - 0x00007ffb0e95e000 	C:\WINDOWS\SYSTEM32\USERENV.dll
0x00007ffb0e3e0000 - 0x00007ffb0e3ec000 	C:\WINDOWS\SYSTEM32\CRYPTBASE.dll
0x00007ffb0de90000 - 0x00007ffb0decb000 	C:\WINDOWS\SYSTEM32\IPHLPAPI.DLL
0x00007ffb10710000 - 0x00007ffb10718000 	C:\WINDOWS\System32\NSI.dll
0x00007ffb00f40000 - 0x00007ffb00f57000 	C:\WINDOWS\SYSTEM32\dhcpcsvc6.DLL
0x00007ffb059a0000 - 0x00007ffb059bd000 	C:\WINDOWS\SYSTEM32\dhcpcsvc.DLL
0x00007ffb0ded0000 - 0x00007ffb0df9a000 	C:\WINDOWS\SYSTEM32\DNSAPI.dll

dbghelp: loaded successfully - version: 4.0.5 - missing functions: none
symbol engine: initialized successfully - sym options: 0x614 - pdb path: .;C:\Program Files\Android\Android Studio\jre\bin;C:\WINDOWS\SYSTEM32;C:\WINDOWS\WinSxS\amd64_microsoft.windows.common-controls_6595b64144ccf1df_6.0.19041.1110_none_60b5254171f9507e;C:\Program Files\Android\Android Studio\jre\bin\server;C:\Users\vicoaqp\.gradle\native\e1d6ef7f7dcc3fd88c89a11ec53ec762bb8ba0a96d01ffa2cd45eb1d1d8dd5c5\windows-amd64;C:\Users\vicoaqp\.gradle\native\5664cfc778a61ccfe75a443a1ab52a65af34e5dc3c78e0209fed803814484fcb\windows-amd64

VM Arguments:
jvm_args: --add-opens=java.base/java.util=ALL-UNNAMED --add-opens=java.base/java.lang=ALL-UNNAMED --add-opens=java.base/java.lang.invoke=ALL-UNNAMED --add-opens=java.base/java.util=ALL-UNNAMED --add-opens=java.prefs/java.util.prefs=ALL-UNNAMED --add-opens=java.prefs/java.util.prefs=ALL-UNNAMED --add-opens=java.base/java.nio.charset=ALL-UNNAMED --add-opens=java.base/java.net=ALL-UNNAMED --add-opens=java.base/java.util.concurrent.atomic=ALL-UNNAMED -Xmx2048m -Dfile.encoding=UTF-8 -Duser.country=PE -Duser.language=es -Duser.variant 
java_command: org.gradle.launcher.daemon.bootstrap.GradleDaemon 7.2
java_class_path (initial): C:\Users\vicoaqp\.gradle\wrapper\dists\gradle-7.2-bin\2dnblmf4td7x66yl1d74lt32g\gradle-7.2\lib\gradle-launcher-7.2.jar
Launcher Type: SUN_STANDARD

[Global flags]
     intx CICompilerCount                          = 3                                         {product} {ergonomic}
     uint ConcGCThreads                            = 1                                         {product} {ergonomic}
     uint G1ConcRefinementThreads                  = 4                                         {product} {ergonomic}
   size_t G1HeapRegionSize                         = 1048576                                   {product} {ergonomic}
    uintx GCDrainStackTargetSize                   = 64                                        {product} {ergonomic}
   size_t InitialHeapSize                          = 134217728                                 {product} {ergonomic}
   size_t MarkStackSize                            = 4194304                                   {product} {ergonomic}
   size_t MaxHeapSize                              = 2147483648                                {product} {command line}
   size_t MaxNewSize                               = 1287651328                                {product} {ergonomic}
   size_t MinHeapDeltaBytes                        = 1048576                                   {product} {ergonomic}
    uintx NonNMethodCodeHeapSize                   = 5830732                                {pd product} {ergonomic}
    uintx NonProfiledCodeHeapSize                  = 122913754                              {pd product} {ergonomic}
    uintx ProfiledCodeHeapSize                     = 122913754                              {pd product} {ergonomic}
    uintx ReservedCodeCacheSize                    = 251658240                              {pd product} {ergonomic}
     bool SegmentedCodeCache                       = true                                      {product} {ergonomic}
     bool UseCompressedClassPointers               = true                                 {lp64_product} {ergonomic}
     bool UseCompressedOops                        = true                                 {lp64_product} {ergonomic}
     bool UseG1GC                                  = true                                      {product} {ergonomic}
     bool UseLargePagesIndividualAllocation        = false                                  {pd product} {ergonomic}

Logging:
Log output configuration:
 #0: stdout all=warning uptime,level,tags
 #1: stderr all=off uptime,level,tags

Environment Variables:
PATH=C:\Program Files (x86)\PC Connectivity Solution\;C:\ProgramData\Oracle\Java\javapath;C:\WINDOWS\system32;C:\WINDOWS;C:\WINDOWS\System32\Wbem;C:\WINDOWS\System32\WindowsPowerShell\v1.0\;C:\WINDOWS\System32\OpenSSH\;C:\Program Files\Git\cmd;C:\WINDOWS\system32\wbem;C:\Program Files (x86)\IVT Corporation\BlueSoleil\Mobile;C:\Users\vicoaqp\AppData\Local\Microsoft\WindowsApps;C:\Users\vicoaqp\AppData\Local\GitHubDesktop\bin
USERNAME=vicoaqp
OS=Windows_NT
PROCESSOR_IDENTIFIER=Intel64 Family 6 Model 61 Stepping 4, GenuineIntel



---------------  S Y S T E M  ---------------

OS: Windows 10 , 64 bit Build 19041 (10.0.19041.1566)
OS uptime: 8 days 0:23 hours

CPU:total 4 (initial active 4) (2 cores per cpu, 2 threads per core) family 6 model 61 stepping 4 microcode 0x2d, cmov, cx8, fxsr, mmx, sse, sse2, sse3, ssse3, sse4.1, sse4.2, popcnt, avx, avx2, aes, clmul, erms, 3dnowpref, lzcnt, ht, tsc, tscinvbit, bmi1, bmi2, adx, fma

Memory: 4k page, system-wide physical 8091M (449M free)
TotalPageFile size 22246M (AvailPageFile size 0M)
current process WorkingSet (physical memory assigned to process): 371M, peak: 374M
current process commit charge ("private bytes"): 400M, peak: 404M

vm_info: OpenJDK 64-Bit Server VM (11.0.11+9-b60-7590822) for windows-amd64 JRE (11.0.11+9-b60-7590822), built on Jul 29 2021 21:43:44 by "builder" with MS VC++ 14.0 (VS2015)

END.
